{"name": "test_add_to_cart", "status": "broken", "statusDetails": {"message": "selenium.common.exceptions.NoSuchElementException: Message: no such element: Unable to locate element: {\"method\":\"xpath\",\"selector\":\"//button[@name='Submit']\"}\n  (Session info: chrome=131.0.6778.86); For documentation on this error, please visit: https://www.selenium.dev/documentation/webdriver/troubleshooting/errors#no-such-element-exception\nStacktrace:\n0   chromedriver                        0x00000001010abac4 cxxbridge1$str$ptr + 3651580\n1   chromedriver                        0x00000001010a4314 cxxbridge1$str$ptr + 3620940\n2   chromedriver                        0x0000000100b0c4b4 cxxbridge1$string$len + 89224\n3   chromedriver                        0x0000000100b50898 cxxbridge1$string$len + 368748\n4   chromedriver                        0x0000000100b8a0fc cxxbridge1$string$len + 604368\n5   chromedriver                        0x0000000100b450b0 cxxbridge1$string$len + 321668\n6   chromedriver                        0x0000000100b45d00 cxxbridge1$string$len + 324820\n7   chromedriver                        0x0000000101076e08 cxxbridge1$str$ptr + 3435328\n8   chromedriver                        0x000000010107a120 cxxbridge1$str$ptr + 3448408\n9   chromedriver                        0x000000010105e17c cxxbridge1$str$ptr + 3333812\n10  chromedriver                        0x000000010107a9e0 cxxbridge1$str$ptr + 3450648\n11  chromedriver                        0x000000010104f988 cxxbridge1$str$ptr + 3274432\n12  chromedriver                        0x00000001010950f4 cxxbridge1$str$ptr + 3558956\n13  chromedriver                        0x0000000101095270 cxxbridge1$str$ptr + 3559336\n14  chromedriver                        0x00000001010a3f88 cxxbridge1$str$ptr + 3620032\n15  libsystem_pthread.dylib             0x000000019296b2e4 _pthread_start + 136\n16  libsystem_pthread.dylib             0x00000001929660fc thread_start + 8", "trace": "driver = <selenium.webdriver.chrome.webdriver.WebDriver (session=\"99176cf7e9e54747ddade39ea8637e84\")>\n\n    def test_add_to_cart(driver):\n        cart_page = CartPage(driver)\n>       cart_page.add_product_and_checkout()\n\ntest_script.py:53: \n_ _ _ _ _ _ _ _ _ _ _ _ _ _ _ _ _ _ _ _ _ _ _ _ _ _ _ _ _ _ _ _ _ _ _ _ _ _ _ _ _ _ _ _ _ _ _ _ _ _ _ _ _ _ _ _ _ _ _ _ _ _ _ _ _ _ _ _ _ _ _ _ _ _ _ _ _ _ _ _ _ _ _ _ _ _ _ _ _ _ _ _ _ _ _\npages/cart_page.py:16: in add_product_and_checkout\n    self.add_item_to_cart()\npages/cart_page.py:10: in add_item_to_cart\n    self.driver.find_element(*self.add_to_cart_button).click()\n/opt/homebrew/bin/google_automation/lib/python3.13/site-packages/selenium/webdriver/remote/webdriver.py:770: in find_element\n    return self.execute(Command.FIND_ELEMENT, {\"using\": by, \"value\": value})[\"value\"]\n/opt/homebrew/bin/google_automation/lib/python3.13/site-packages/selenium/webdriver/remote/webdriver.py:384: in execute\n    self.error_handler.check_response(response)\n_ _ _ _ _ _ _ _ _ _ _ _ _ _ _ _ _ _ _ _ _ _ _ _ _ _ _ _ _ _ _ _ _ _ _ _ _ _ _ _ _ _ _ _ _ _ _ _ _ _ _ _ _ _ _ _ _ _ _ _ _ _ _ _ _ _ _ _ _ _ _ _ _ _ _ _ _ _ _ _ _ _ _ _ _ _ _ _ _ _ _ _ _ _ _\n\nself = <selenium.webdriver.remote.errorhandler.ErrorHandler object at 0x1045b1e50>\nresponse = {'status': 404, 'value': '{\"value\":{\"error\":\"no such element\",\"message\":\"no such element: Unable to locate element: {\\...00019296b2e4 _pthread_start + 136\\\\n16  libsystem_pthread.dylib             0x00000001929660fc thread_start + 8\\\\n\"}}'}\n\n    def check_response(self, response: Dict[str, Any]) -> None:\n        \"\"\"Checks that a JSON response from the WebDriver does not have an\n        error.\n    \n        :Args:\n         - response - The JSON response from the WebDriver server as a dictionary\n           object.\n    \n        :Raises: If the response contains an error message.\n        \"\"\"\n        status = response.get(\"status\", None)\n        if not status or status == ErrorCode.SUCCESS:\n            return\n        value = None\n        message = response.get(\"message\", \"\")\n        screen: str = response.get(\"screen\", \"\")\n        stacktrace = None\n        if isinstance(status, int):\n            value_json = response.get(\"value\", None)\n            if value_json and isinstance(value_json, str):\n                import json\n    \n                try:\n                    value = json.loads(value_json)\n                    if len(value) == 1:\n                        value = value[\"value\"]\n                    status = value.get(\"error\", None)\n                    if not status:\n                        status = value.get(\"status\", ErrorCode.UNKNOWN_ERROR)\n                        message = value.get(\"value\") or value.get(\"message\")\n                        if not isinstance(message, str):\n                            value = message\n                            message = message.get(\"message\")\n                    else:\n                        message = value.get(\"message\", None)\n                except ValueError:\n                    pass\n    \n        exception_class: Type[WebDriverException]\n        e = ErrorCode()\n        error_codes = [item for item in dir(e) if not item.startswith(\"__\")]\n        for error_code in error_codes:\n            error_info = getattr(ErrorCode, error_code)\n            if isinstance(error_info, list) and status in error_info:\n                exception_class = getattr(ExceptionMapping, error_code, WebDriverException)\n                break\n        else:\n            exception_class = WebDriverException\n    \n        if not value:\n            value = response[\"value\"]\n        if isinstance(value, str):\n            raise exception_class(value)\n        if message == \"\" and \"message\" in value:\n            message = value[\"message\"]\n    \n        screen = None  # type: ignore[assignment]\n        if \"screen\" in value:\n            screen = value[\"screen\"]\n    \n        stacktrace = None\n        st_value = value.get(\"stackTrace\") or value.get(\"stacktrace\")\n        if st_value:\n            if isinstance(st_value, str):\n                stacktrace = st_value.split(\"\\n\")\n            else:\n                stacktrace = []\n                try:\n                    for frame in st_value:\n                        line = frame.get(\"lineNumber\", \"\")\n                        file = frame.get(\"fileName\", \"<anonymous>\")\n                        if line:\n                            file = f\"{file}:{line}\"\n                        meth = frame.get(\"methodName\", \"<anonymous>\")\n                        if \"className\" in frame:\n                            meth = f\"{frame['className']}.{meth}\"\n                        msg = \"    at %s (%s)\"\n                        msg = msg % (meth, file)\n                        stacktrace.append(msg)\n                except TypeError:\n                    pass\n        if exception_class == UnexpectedAlertPresentException:\n            alert_text = None\n            if \"data\" in value:\n                alert_text = value[\"data\"].get(\"text\")\n            elif \"alert\" in value:\n                alert_text = value[\"alert\"].get(\"text\")\n            raise exception_class(message, screen, stacktrace, alert_text)  # type: ignore[call-arg]  # mypy is not smart enough here\n>       raise exception_class(message, screen, stacktrace)\nE       selenium.common.exceptions.NoSuchElementException: Message: no such element: Unable to locate element: {\"method\":\"xpath\",\"selector\":\"//button[@name='Submit']\"}\nE         (Session info: chrome=131.0.6778.86); For documentation on this error, please visit: https://www.selenium.dev/documentation/webdriver/troubleshooting/errors#no-such-element-exception\nE       Stacktrace:\nE       0   chromedriver                        0x00000001010abac4 cxxbridge1$str$ptr + 3651580\nE       1   chromedriver                        0x00000001010a4314 cxxbridge1$str$ptr + 3620940\nE       2   chromedriver                        0x0000000100b0c4b4 cxxbridge1$string$len + 89224\nE       3   chromedriver                        0x0000000100b50898 cxxbridge1$string$len + 368748\nE       4   chromedriver                        0x0000000100b8a0fc cxxbridge1$string$len + 604368\nE       5   chromedriver                        0x0000000100b450b0 cxxbridge1$string$len + 321668\nE       6   chromedriver                        0x0000000100b45d00 cxxbridge1$string$len + 324820\nE       7   chromedriver                        0x0000000101076e08 cxxbridge1$str$ptr + 3435328\nE       8   chromedriver                        0x000000010107a120 cxxbridge1$str$ptr + 3448408\nE       9   chromedriver                        0x000000010105e17c cxxbridge1$str$ptr + 3333812\nE       10  chromedriver                        0x000000010107a9e0 cxxbridge1$str$ptr + 3450648\nE       11  chromedriver                        0x000000010104f988 cxxbridge1$str$ptr + 3274432\nE       12  chromedriver                        0x00000001010950f4 cxxbridge1$str$ptr + 3558956\nE       13  chromedriver                        0x0000000101095270 cxxbridge1$str$ptr + 3559336\nE       14  chromedriver                        0x00000001010a3f88 cxxbridge1$str$ptr + 3620032\nE       15  libsystem_pthread.dylib             0x000000019296b2e4 _pthread_start + 136\nE       16  libsystem_pthread.dylib             0x00000001929660fc thread_start + 8\n\n/opt/homebrew/bin/google_automation/lib/python3.13/site-packages/selenium/webdriver/remote/errorhandler.py:232: NoSuchElementException"}, "start": 1733161944279, "stop": 1733161944291, "uuid": "11089cba-5ffb-4186-8bab-8a27e14a2847", "historyId": "17392dd79e68134ce5da473e34d08a92", "testCaseId": "17392dd79e68134ce5da473e34d08a92", "fullName": "test_script#test_add_to_cart", "labels": [{"name": "suite", "value": "test_script"}, {"name": "host", "value": "hamzas-MacBook-Pro-2.local"}, {"name": "thread", "value": "91945-MainThread"}, {"name": "framework", "value": "pytest"}, {"name": "language", "value": "cpython3"}, {"name": "package", "value": "test_script"}]}